{"/home/omichalo/devs/udemy/microservices/ticketing/auth/src/app.ts": {"path":"/home/omichalo/devs/udemy/microservices/ticketing/auth/src/app.ts","statementMap":{"0":{"start":{"line":1,"column":0},"end":{"line":1,"column":30}},"1":{"start":{"line":2,"column":0},"end":{"line":2,"column":30}},"2":{"start":{"line":3,"column":0},"end":{"line":3,"column":35}},"3":{"start":{"line":4,"column":0},"end":{"line":4,"column":43}},"4":{"start":{"line":6,"column":0},"end":{"line":6,"column":58}},"5":{"start":{"line":7,"column":0},"end":{"line":7,"column":47}},"6":{"start":{"line":8,"column":0},"end":{"line":8,"column":49}},"7":{"start":{"line":9,"column":0},"end":{"line":9,"column":47}},"8":{"start":{"line":10,"column":0},"end":{"line":10,"column":64}},"9":{"start":{"line":12,"column":12},"end":{"line":12,"column":21}},"10":{"start":{"line":33,"column":9},"end":{"line":33,"column":12}},"11":{"start":{"line":13,"column":0},"end":{"line":13,"column":29}},"12":{"start":{"line":14,"column":0},"end":{"line":14,"column":16}},"13":{"start":{"line":16,"column":0},"end":{"line":21,"column":2}},"14":{"start":{"line":22,"column":0},"end":{"line":22,"column":27}},"15":{"start":{"line":23,"column":0},"end":{"line":23,"column":22}},"16":{"start":{"line":24,"column":0},"end":{"line":24,"column":23}},"17":{"start":{"line":25,"column":0},"end":{"line":25,"column":22}},"18":{"start":{"line":27,"column":0},"end":{"line":29,"column":3}},"19":{"start":{"line":27,"column":28},"end":{"line":29,"column":2}},"20":{"start":{"line":28,"column":2},"end":{"line":28,"column":28}},"21":{"start":{"line":31,"column":0},"end":{"line":31,"column":22}}},"fnMap":{"0":{"name":"(anonymous_14)","decl":{"start":{"line":27,"column":13},"end":{"line":27,"column":20}},"loc":{"start":{"line":27,"column":28},"end":{"line":29,"column":2}}},"1":{"name":"(anonymous_15)","decl":{"start":{"line":27,"column":28},"end":{"line":27,"column":null}},"loc":{"start":{"line":27,"column":28},"end":{"line":29,"column":2}}}},"branchMap":{},"s":{"0":4,"1":4,"2":4,"3":4,"4":4,"5":4,"6":4,"7":4,"8":4,"9":4,"10":4,"11":4,"12":4,"13":4,"14":4,"15":4,"16":4,"17":4,"18":4,"19":0,"20":0,"21":4},"f":{"0":0,"1":0},"b":{}}
,"/home/omichalo/devs/udemy/microservices/ticketing/auth/src/models/user.ts": {"path":"/home/omichalo/devs/udemy/microservices/ticketing/auth/src/models/user.ts","statementMap":{"0":{"start":{"line":1,"column":0},"end":{"line":1,"column":48}},"1":{"start":{"line":2,"column":0},"end":{"line":2,"column":48}},"2":{"start":{"line":24,"column":19},"end":{"line":44,"column":null}},"3":{"start":{"line":38,"column":8},"end":{"line":38,"column":25}},"4":{"start":{"line":39,"column":8},"end":{"line":39,"column":23}},"5":{"start":{"line":40,"column":8},"end":{"line":40,"column":28}},"6":{"start":{"line":41,"column":8},"end":{"line":41,"column":23}},"7":{"start":{"line":47,"column":0},"end":{"line":53,"column":3}},"8":{"start":{"line":48,"column":6},"end":{"line":48,"column":10}},"9":{"start":{"line":49,"column":19},"end":{"line":49,"column":null}},"10":{"start":{"line":49,"column":10},"end":{"line":49,"column":null}},"11":{"start":{"line":50,"column":4},"end":{"line":50,"column":33}},"12":{"start":{"line":52,"column":2},"end":{"line":52,"column":9}},"13":{"start":{"line":55,"column":0},"end":{"line":57,"column":2}},"14":{"start":{"line":56,"column":2},"end":{"line":56,"column":25}},"15":{"start":{"line":59,"column":13},"end":{"line":59,"column":67}},"16":{"start":{"line":61,"column":9},"end":{"line":61,"column":13}}},"fnMap":{"0":{"name":"(anonymous_14)","decl":{"start":{"line":37,"column":15},"end":{"line":37,"column":16}},"loc":{"start":{"line":37,"column":24},"end":{"line":42,"column":7}}},"1":{"name":"(anonymous_15)","decl":{"start":{"line":47,"column":23},"end":{"line":47,"column":39}},"loc":{"start":{"line":47,"column":43},"end":{"line":53,"column":2}}},"2":{"name":"(anonymous_18)","decl":{"start":{"line":55,"column":27},"end":{"line":55,"column":28}},"loc":{"start":{"line":55,"column":44},"end":{"line":57,"column":1}}}},"branchMap":{"0":{"loc":{"start":{"line":48,"column":6},"end":{"line":48,"column":10}},"type":"if","locations":[{"start":{"line":48,"column":6},"end":{"line":48,"column":10}},{"start":{"line":48,"column":6},"end":{"line":48,"column":10}}]}},"s":{"0":4,"1":4,"2":4,"3":8,"4":8,"5":8,"6":8,"7":4,"8":7,"9":7,"10":7,"11":7,"12":7,"13":4,"14":7,"15":4,"16":4},"f":{"0":8,"1":7,"2":7},"b":{"0":[0,7]}}
,"/home/omichalo/devs/udemy/microservices/ticketing/auth/src/routes/current-user.ts": {"path":"/home/omichalo/devs/udemy/microservices/ticketing/auth/src/routes/current-user.ts","statementMap":{"0":{"start":{"line":1,"column":0},"end":{"line":1,"column":30}},"1":{"start":{"line":3,"column":0},"end":{"line":3,"column":48}},"2":{"start":{"line":5,"column":15},"end":{"line":5,"column":31}},"3":{"start":{"line":11,"column":19},"end":{"line":11,"column":36}},"4":{"start":{"line":7,"column":0},"end":{"line":9,"column":3}},"5":{"start":{"line":8,"column":2},"end":{"line":8,"column":53}}},"fnMap":{"0":{"name":"(anonymous_1)","decl":{"start":{"line":7,"column":50},"end":{"line":7,"column":51}},"loc":{"start":{"line":7,"column":59},"end":{"line":9,"column":1}}}},"branchMap":{"0":{"loc":{"start":{"line":8,"column":26},"end":{"line":8,"column":41}},"type":"binary-expr","locations":[{"start":{"line":8,"column":26},"end":{"line":8,"column":41}},{"start":{"line":8,"column":45},"end":{"line":8,"column":49}}]}},"s":{"0":4,"1":4,"2":4,"3":4,"4":4,"5":2},"f":{"0":2},"b":{"0":[2,1]}}
,"/home/omichalo/devs/udemy/microservices/ticketing/auth/src/routes/signin.ts": {"path":"/home/omichalo/devs/udemy/microservices/ticketing/auth/src/routes/signin.ts","statementMap":{"0":{"start":{"line":1,"column":0},"end":{"line":1,"column":53}},"1":{"start":{"line":2,"column":0},"end":{"line":2,"column":41}},"2":{"start":{"line":3,"column":0},"end":{"line":3,"column":31}},"3":{"start":{"line":5,"column":0},"end":{"line":5,"column":38}},"4":{"start":{"line":6,"column":0},"end":{"line":6,"column":70}},"5":{"start":{"line":7,"column":0},"end":{"line":7,"column":48}},"6":{"start":{"line":9,"column":15},"end":{"line":9,"column":31}},"7":{"start":{"line":57,"column":19},"end":{"line":57,"column":31}},"8":{"start":{"line":11,"column":0},"end":{"line":55,"column":2}},"9":{"start":{"line":21,"column":36},"end":{"line":54,"column":null}},"10":{"start":{"line":22,"column":10},"end":{"line":22,"column":32}},"11":{"start":{"line":24,"column":25},"end":{"line":24,"column":null}},"12":{"start":{"line":24,"column":10},"end":{"line":24,"column":null}},"13":{"start":{"line":26,"column":4},"end":{"line":28,"column":null}},"14":{"start":{"line":27,"column":6},"end":{"line":27,"column":55}},"15":{"start":{"line":30,"column":27},"end":{"line":33,"column":null}},"16":{"start":{"line":30,"column":10},"end":{"line":33,"column":null}},"17":{"start":{"line":35,"column":4},"end":{"line":37,"column":null}},"18":{"start":{"line":36,"column":6},"end":{"line":36,"column":55}},"19":{"start":{"line":40,"column":10},"end":{"line":46,"column":6}},"20":{"start":{"line":49,"column":4},"end":{"line":51,"column":6}},"21":{"start":{"line":53,"column":4},"end":{"line":53,"column":39}}},"fnMap":{"0":{"name":"(anonymous_14)","decl":{"start":{"line":21,"column":2},"end":{"line":21,"column":9}},"loc":{"start":{"line":21,"column":36},"end":{"line":54,"column":null}}},"1":{"name":"(anonymous_15)","decl":{"start":{"line":21,"column":36},"end":{"line":21,"column":null}},"loc":{"start":{"line":21,"column":36},"end":{"line":54,"column":null}}}},"branchMap":{"0":{"loc":{"start":{"line":26,"column":4},"end":{"line":28,"column":null}},"type":"if","locations":[{"start":{"line":26,"column":4},"end":{"line":28,"column":null}},{"start":{"line":26,"column":4},"end":{"line":28,"column":null}}]},"1":{"loc":{"start":{"line":35,"column":4},"end":{"line":37,"column":null}},"type":"if","locations":[{"start":{"line":35,"column":4},"end":{"line":37,"column":null}},{"start":{"line":35,"column":4},"end":{"line":37,"column":null}}]}},"s":{"0":4,"1":4,"2":4,"3":4,"4":4,"5":4,"6":4,"7":4,"8":4,"9":3,"10":3,"11":3,"12":3,"13":3,"14":1,"15":2,"16":2,"17":2,"18":1,"19":1,"20":1,"21":1},"f":{"0":3,"1":3},"b":{"0":[1,2],"1":[1,1]}}
,"/home/omichalo/devs/udemy/microservices/ticketing/auth/src/routes/signout.ts": {"path":"/home/omichalo/devs/udemy/microservices/ticketing/auth/src/routes/signout.ts","statementMap":{"0":{"start":{"line":1,"column":0},"end":{"line":1,"column":30}},"1":{"start":{"line":3,"column":15},"end":{"line":3,"column":31}},"2":{"start":{"line":10,"column":19},"end":{"line":10,"column":32}},"3":{"start":{"line":5,"column":0},"end":{"line":8,"column":3}},"4":{"start":{"line":6,"column":2},"end":{"line":6,"column":21}},"5":{"start":{"line":7,"column":2},"end":{"line":7,"column":15}}},"fnMap":{"0":{"name":"(anonymous_1)","decl":{"start":{"line":5,"column":34},"end":{"line":5,"column":35}},"loc":{"start":{"line":5,"column":43},"end":{"line":8,"column":1}}}},"branchMap":{},"s":{"0":4,"1":4,"2":4,"3":4,"4":1,"5":1},"f":{"0":1},"b":{}}
,"/home/omichalo/devs/udemy/microservices/ticketing/auth/src/routes/signup.ts": {"path":"/home/omichalo/devs/udemy/microservices/ticketing/auth/src/routes/signup.ts","statementMap":{"0":{"start":{"line":1,"column":0},"end":{"line":1,"column":53}},"1":{"start":{"line":2,"column":0},"end":{"line":2,"column":41}},"2":{"start":{"line":3,"column":0},"end":{"line":3,"column":31}},"3":{"start":{"line":5,"column":0},"end":{"line":5,"column":38}},"4":{"start":{"line":6,"column":0},"end":{"line":6,"column":70}},"5":{"start":{"line":8,"column":15},"end":{"line":8,"column":31}},"6":{"start":{"line":50,"column":19},"end":{"line":50,"column":31}},"7":{"start":{"line":10,"column":0},"end":{"line":48,"column":2}},"8":{"start":{"line":20,"column":36},"end":{"line":47,"column":null}},"9":{"start":{"line":21,"column":10},"end":{"line":21,"column":32}},"10":{"start":{"line":23,"column":25},"end":{"line":23,"column":null}},"11":{"start":{"line":23,"column":10},"end":{"line":23,"column":null}},"12":{"start":{"line":25,"column":4},"end":{"line":27,"column":null}},"13":{"start":{"line":26,"column":6},"end":{"line":26,"column":48}},"14":{"start":{"line":29,"column":10},"end":{"line":29,"column":49}},"15":{"start":{"line":30,"column":4},"end":{"line":30,"column":22}},"16":{"start":{"line":33,"column":10},"end":{"line":39,"column":6}},"17":{"start":{"line":42,"column":4},"end":{"line":44,"column":6}},"18":{"start":{"line":46,"column":4},"end":{"line":46,"column":31}}},"fnMap":{"0":{"name":"(anonymous_14)","decl":{"start":{"line":20,"column":2},"end":{"line":20,"column":9}},"loc":{"start":{"line":20,"column":36},"end":{"line":47,"column":null}}},"1":{"name":"(anonymous_15)","decl":{"start":{"line":20,"column":36},"end":{"line":20,"column":null}},"loc":{"start":{"line":20,"column":36},"end":{"line":47,"column":null}}}},"branchMap":{"0":{"loc":{"start":{"line":25,"column":4},"end":{"line":27,"column":null}},"type":"if","locations":[{"start":{"line":25,"column":4},"end":{"line":27,"column":null}},{"start":{"line":25,"column":4},"end":{"line":27,"column":null}}]}},"s":{"0":4,"1":4,"2":4,"3":4,"4":4,"5":4,"6":4,"7":4,"8":8,"9":8,"10":8,"11":8,"12":8,"13":1,"14":7,"15":14,"16":7,"17":7,"18":7},"f":{"0":8,"1":8},"b":{"0":[1,7]}}
,"/home/omichalo/devs/udemy/microservices/ticketing/auth/src/services/password.ts": {"path":"/home/omichalo/devs/udemy/microservices/ticketing/auth/src/services/password.ts","statementMap":{"0":{"start":{"line":1,"column":0},"end":{"line":1,"column":45}},"1":{"start":{"line":2,"column":0},"end":{"line":2,"column":33}},"2":{"start":{"line":4,"column":20},"end":{"line":4,"column":37}},"3":{"start":{"line":6,"column":0},"end":{"line":6,"column":13}},"4":{"start":{"line":7,"column":15},"end":{"line":12,"column":null}},"5":{"start":{"line":8,"column":10},"end":{"line":8,"column":48}},"6":{"start":{"line":9,"column":17},"end":{"line":9,"column":65}},"7":{"start":{"line":9,"column":10},"end":{"line":9,"column":null}},"8":{"start":{"line":11,"column":4},"end":{"line":11,"column":44}},"9":{"start":{"line":14,"column":15},"end":{"line":20,"column":null}},"10":{"start":{"line":15,"column":10},"end":{"line":15,"column":35}},"11":{"start":{"line":17,"column":17},"end":{"line":17,"column":73}},"12":{"start":{"line":17,"column":10},"end":{"line":17,"column":null}},"13":{"start":{"line":19,"column":4},"end":{"line":19,"column":50}},"14":{"start":{"line":21,"column":0},"end":{"line":21,"column":null}},"15":{"start":{"line":6,"column":13},"end":{"line":6,"column":21}}},"fnMap":{"0":{"name":"(anonymous_13)","decl":{"start":{"line":6,"column":0},"end":{"line":6,"column":13}},"loc":{"start":{"line":6,"column":0},"end":{"line":21,"column":null}}},"1":{"name":"(anonymous_15)","decl":{"start":{"line":7,"column":2},"end":{"line":7,"column":15}},"loc":{"start":{"line":7,"column":38},"end":{"line":12,"column":null}}},"2":{"name":"(anonymous_18)","decl":{"start":{"line":14,"column":2},"end":{"line":14,"column":15}},"loc":{"start":{"line":14,"column":71},"end":{"line":20,"column":null}}}},"branchMap":{},"s":{"0":4,"1":4,"2":4,"3":4,"4":4,"5":7,"6":7,"7":7,"8":7,"9":4,"10":2,"11":2,"12":2,"13":2,"14":4,"15":4},"f":{"0":4,"1":7,"2":2},"b":{}}
}
