TN:
SF:src/app.ts
FN:27,(anonymous_14)
FN:27,(anonymous_15)
FNF:2
FNH:0
FNDA:0,(anonymous_14)
FNDA:0,(anonymous_15)
DA:1,4
DA:2,4
DA:3,4
DA:4,4
DA:6,4
DA:7,4
DA:8,4
DA:9,4
DA:10,4
DA:12,4
DA:13,4
DA:14,4
DA:16,4
DA:22,4
DA:23,4
DA:24,4
DA:25,4
DA:27,4
DA:28,0
DA:31,4
DA:33,4
LF:21
LH:20
BRF:0
BRH:0
end_of_record
TN:
SF:src/models/user.ts
FN:37,(anonymous_14)
FN:47,(anonymous_15)
FN:55,(anonymous_18)
FNF:3
FNH:3
FNDA:8,(anonymous_14)
FNDA:7,(anonymous_15)
FNDA:7,(anonymous_18)
DA:1,4
DA:2,4
DA:24,4
DA:38,8
DA:39,8
DA:40,8
DA:41,8
DA:47,4
DA:48,7
DA:49,7
DA:50,7
DA:52,7
DA:55,4
DA:56,7
DA:59,4
DA:61,4
LF:16
LH:16
BRDA:48,0,0,0
BRDA:48,0,1,7
BRF:2
BRH:1
end_of_record
TN:
SF:src/routes/current-user.ts
FN:7,(anonymous_1)
FNF:1
FNH:1
FNDA:2,(anonymous_1)
DA:1,4
DA:3,4
DA:5,4
DA:7,4
DA:8,2
DA:11,4
LF:6
LH:6
BRDA:8,0,0,2
BRDA:8,0,1,1
BRF:2
BRH:2
end_of_record
TN:
SF:src/routes/signin.ts
FN:21,(anonymous_14)
FN:21,(anonymous_15)
FNF:2
FNH:2
FNDA:3,(anonymous_14)
FNDA:3,(anonymous_15)
DA:1,4
DA:2,4
DA:3,4
DA:5,4
DA:6,4
DA:7,4
DA:9,4
DA:11,4
DA:21,3
DA:22,3
DA:24,3
DA:26,3
DA:27,1
DA:30,2
DA:35,2
DA:36,1
DA:40,1
DA:49,1
DA:53,1
DA:57,4
LF:20
LH:20
BRDA:26,0,0,1
BRDA:26,0,1,2
BRDA:35,1,0,1
BRDA:35,1,1,1
BRF:4
BRH:4
end_of_record
TN:
SF:src/routes/signout.ts
FN:5,(anonymous_1)
FNF:1
FNH:1
FNDA:1,(anonymous_1)
DA:1,4
DA:3,4
DA:5,4
DA:6,1
DA:7,1
DA:10,4
LF:6
LH:6
BRF:0
BRH:0
end_of_record
TN:
SF:src/routes/signup.ts
FN:20,(anonymous_14)
FN:20,(anonymous_15)
FNF:2
FNH:2
FNDA:8,(anonymous_14)
FNDA:8,(anonymous_15)
DA:1,4
DA:2,4
DA:3,4
DA:5,4
DA:6,4
DA:8,4
DA:10,4
DA:20,8
DA:21,8
DA:23,8
DA:25,8
DA:26,1
DA:29,7
DA:30,14
DA:33,7
DA:42,7
DA:46,7
DA:50,4
LF:18
LH:18
BRDA:25,0,0,1
BRDA:25,0,1,7
BRF:2
BRH:2
end_of_record
TN:
SF:src/services/password.ts
FN:6,(anonymous_13)
FN:7,(anonymous_15)
FN:14,(anonymous_18)
FNF:3
FNH:3
FNDA:4,(anonymous_13)
FNDA:7,(anonymous_15)
FNDA:2,(anonymous_18)
DA:1,4
DA:2,4
DA:4,4
DA:6,4
DA:7,4
DA:8,7
DA:9,7
DA:11,7
DA:14,4
DA:15,2
DA:17,2
DA:19,2
DA:21,4
LF:13
LH:13
BRF:0
BRH:0
end_of_record
