{"/home/omichalo/devs/udemy/microservices/ticketing/payments/src/app.ts": {"path":"/home/omichalo/devs/udemy/microservices/ticketing/payments/src/app.ts","statementMap":{"0":{"start":{"line":1,"column":0},"end":{"line":1,"column":30}},"1":{"start":{"line":2,"column":0},"end":{"line":2,"column":30}},"2":{"start":{"line":3,"column":0},"end":{"line":3,"column":35}},"3":{"start":{"line":4,"column":0},"end":{"line":4,"column":43}},"4":{"start":{"line":5,"column":0},"end":{"line":5,"column":77}},"5":{"start":{"line":7,"column":0},"end":{"line":7,"column":50}},"6":{"start":{"line":9,"column":12},"end":{"line":9,"column":21}},"7":{"start":{"line":30,"column":9},"end":{"line":30,"column":12}},"8":{"start":{"line":10,"column":0},"end":{"line":10,"column":29}},"9":{"start":{"line":11,"column":0},"end":{"line":11,"column":16}},"10":{"start":{"line":13,"column":0},"end":{"line":18,"column":2}},"11":{"start":{"line":20,"column":0},"end":{"line":20,"column":21}},"12":{"start":{"line":22,"column":0},"end":{"line":22,"column":28}},"13":{"start":{"line":24,"column":0},"end":{"line":26,"column":3}},"14":{"start":{"line":24,"column":28},"end":{"line":26,"column":2}},"15":{"start":{"line":25,"column":2},"end":{"line":25,"column":28}},"16":{"start":{"line":28,"column":0},"end":{"line":28,"column":22}}},"fnMap":{"0":{"name":"(anonymous_14)","decl":{"start":{"line":24,"column":13},"end":{"line":24,"column":20}},"loc":{"start":{"line":24,"column":28},"end":{"line":26,"column":2}}},"1":{"name":"(anonymous_15)","decl":{"start":{"line":24,"column":28},"end":{"line":24,"column":null}},"loc":{"start":{"line":24,"column":28},"end":{"line":26,"column":2}}}},"branchMap":{},"s":{"0":1,"1":1,"2":1,"3":1,"4":1,"5":1,"6":1,"7":1,"8":1,"9":1,"10":1,"11":1,"12":1,"13":1,"14":0,"15":0,"16":1},"f":{"0":0,"1":0},"b":{}}
,"/home/omichalo/devs/udemy/microservices/ticketing/payments/src/events/listeners/order-created-listener.ts": {"path":"/home/omichalo/devs/udemy/microservices/ticketing/payments/src/events/listeners/order-created-listener.ts","statementMap":{"0":{"start":{"line":1,"column":0},"end":{"line":1,"column":74}},"1":{"start":{"line":2,"column":0},"end":{"line":2,"column":52}},"2":{"start":{"line":4,"column":0},"end":{"line":4,"column":43}},"3":{"start":{"line":6,"column":0},"end":{"line":6,"column":69}},"4":{"start":{"line":6,"column":42},"end":{"line":6,"column":50}},"5":{"start":{"line":6,"column":0},"end":{"line":6,"column":13}},"6":{"start":{"line":7,"column":2},"end":{"line":7,"column":57}},"7":{"start":{"line":8,"column":2},"end":{"line":8,"column":34}},"8":{"start":{"line":10,"column":8},"end":{"line":22,"column":null}},"9":{"start":{"line":11,"column":10},"end":{"line":17,"column":7}},"10":{"start":{"line":19,"column":4},"end":{"line":19,"column":23}},"11":{"start":{"line":21,"column":4},"end":{"line":21,"column":14}},"12":{"start":{"line":23,"column":0},"end":{"line":23,"column":null}},"13":{"start":{"line":6,"column":13},"end":{"line":6,"column":33}}},"fnMap":{"0":{"name":"(anonymous_19)","decl":{"start":{"line":6,"column":0},"end":{"line":6,"column":13}},"loc":{"start":{"line":6,"column":0},"end":{"line":23,"column":null}}},"1":{"name":"(anonymous_21)","decl":{"start":{"line":10,"column":2},"end":{"line":10,"column":8}},"loc":{"start":{"line":10,"column":63},"end":{"line":22,"column":null}}}},"branchMap":{"0":{"loc":{"start":{"line":6,"column":0},"end":{"line":6,"column":13}},"type":"binary-expr","locations":[{"start":{"line":6,"column":0},"end":{"line":6,"column":13}},{"start":{"line":6,"column":0},"end":{"line":6,"column":13}},{"start":{"line":6,"column":0},"end":{"line":6,"column":13}}]}},"s":{"0":1,"1":1,"2":1,"3":1,"4":1,"5":2,"6":2,"7":2,"8":1,"9":2,"10":4,"11":2,"12":1,"13":1},"f":{"0":3,"1":2},"b":{"0":[2,2,2]}}
,"/home/omichalo/devs/udemy/microservices/ticketing/payments/src/events/listeners/queue-group-name.ts": {"path":"/home/omichalo/devs/udemy/microservices/ticketing/payments/src/events/listeners/queue-group-name.ts","statementMap":{"0":{"start":{"line":1,"column":13},"end":{"line":1,"column":48}}},"fnMap":{},"branchMap":{},"s":{"0":1},"f":{},"b":{}}
,"/home/omichalo/devs/udemy/microservices/ticketing/payments/src/events/publisher/payment-created-publisher.ts": {"path":"/home/omichalo/devs/udemy/microservices/ticketing/payments/src/events/publisher/payment-created-publisher.ts","statementMap":{"0":{"start":{"line":1,"column":0},"end":{"line":1,"column":77}},"1":{"start":{"line":3,"column":0},"end":{"line":3,"column":75}},"2":{"start":{"line":3,"column":45},"end":{"line":3,"column":54}},"3":{"start":{"line":3,"column":0},"end":{"line":3,"column":13}},"4":{"start":{"line":4,"column":2},"end":{"line":4,"column":61}},"5":{"start":{"line":5,"column":0},"end":{"line":5,"column":null}},"6":{"start":{"line":3,"column":13},"end":{"line":3,"column":36}}},"fnMap":{"0":{"name":"(anonymous_6)","decl":{"start":{"line":3,"column":0},"end":{"line":3,"column":13}},"loc":{"start":{"line":3,"column":0},"end":{"line":5,"column":null}}}},"branchMap":{"0":{"loc":{"start":{"line":3,"column":0},"end":{"line":3,"column":13}},"type":"binary-expr","locations":[{"start":{"line":3,"column":0},"end":{"line":3,"column":13}},{"start":{"line":3,"column":0},"end":{"line":3,"column":13}},{"start":{"line":3,"column":0},"end":{"line":3,"column":13}}]}},"s":{"0":1,"1":1,"2":1,"3":0,"4":0,"5":1,"6":1},"f":{"0":1},"b":{"0":[0,0,0]}}
,"/home/omichalo/devs/udemy/microservices/ticketing/payments/src/models/order.ts": {"path":"/home/omichalo/devs/udemy/microservices/ticketing/payments/src/models/order.ts","statementMap":{"0":{"start":{"line":1,"column":0},"end":{"line":1,"column":32}},"1":{"start":{"line":3,"column":0},"end":{"line":3,"column":67}},"2":{"start":{"line":5,"column":0},"end":{"line":5,"column":48}},"3":{"start":{"line":26,"column":20},"end":{"line":50,"column":null}},"4":{"start":{"line":46,"column":8},"end":{"line":46,"column":25}},"5":{"start":{"line":47,"column":8},"end":{"line":47,"column":23}},"6":{"start":{"line":53,"column":0},"end":{"line":53,"column":41}},"7":{"start":{"line":54,"column":0},"end":{"line":54,"column":42}},"8":{"start":{"line":56,"column":0},"end":{"line":64,"column":2}},"9":{"start":{"line":57,"column":2},"end":{"line":63,"column":5}},"10":{"start":{"line":66,"column":14},"end":{"line":66,"column":72}},"11":{"start":{"line":68,"column":9},"end":{"line":68,"column":14}}},"fnMap":{"0":{"name":"(anonymous_1)","decl":{"start":{"line":45,"column":15},"end":{"line":45,"column":16}},"loc":{"start":{"line":45,"column":24},"end":{"line":48,"column":7}}},"1":{"name":"(anonymous_2)","decl":{"start":{"line":56,"column":28},"end":{"line":56,"column":29}},"loc":{"start":{"line":56,"column":46},"end":{"line":64,"column":1}}}},"branchMap":{},"s":{"0":2,"1":2,"2":2,"3":2,"4":0,"5":0,"6":2,"7":2,"8":2,"9":4,"10":2,"11":2},"f":{"0":0,"1":4},"b":{}}
,"/home/omichalo/devs/udemy/microservices/ticketing/payments/src/models/payment.ts": {"path":"/home/omichalo/devs/udemy/microservices/ticketing/payments/src/models/payment.ts","statementMap":{"0":{"start":{"line":1,"column":0},"end":{"line":1,"column":32}},"1":{"start":{"line":17,"column":22},"end":{"line":35,"column":null}},"2":{"start":{"line":31,"column":8},"end":{"line":31,"column":25}},"3":{"start":{"line":32,"column":8},"end":{"line":32,"column":23}},"4":{"start":{"line":38,"column":0},"end":{"line":40,"column":2}},"5":{"start":{"line":39,"column":2},"end":{"line":39,"column":28}},"6":{"start":{"line":42,"column":16},"end":{"line":44,"column":null}},"7":{"start":{"line":47,"column":9},"end":{"line":47,"column":16}}},"fnMap":{"0":{"name":"(anonymous_1)","decl":{"start":{"line":30,"column":15},"end":{"line":30,"column":16}},"loc":{"start":{"line":30,"column":24},"end":{"line":33,"column":7}}},"1":{"name":"(anonymous_2)","decl":{"start":{"line":38,"column":30},"end":{"line":38,"column":31}},"loc":{"start":{"line":38,"column":50},"end":{"line":40,"column":1}}}},"branchMap":{},"s":{"0":1,"1":1,"2":0,"3":0,"4":1,"5":0,"6":1,"7":1},"f":{"0":0,"1":0},"b":{}}
,"/home/omichalo/devs/udemy/microservices/ticketing/payments/src/routes/new.ts": {"path":"/home/omichalo/devs/udemy/microservices/ticketing/payments/src/routes/new.ts","statementMap":{"0":{"start":{"line":1,"column":0},"end":{"line":1,"column":53}},"1":{"start":{"line":2,"column":0},"end":{"line":2,"column":41}},"2":{"start":{"line":3,"column":0},"end":{"line":3,"column":null}},"3":{"start":{"line":11,"column":0},"end":{"line":11,"column":35}},"4":{"start":{"line":13,"column":0},"end":{"line":13,"column":40}},"5":{"start":{"line":14,"column":0},"end":{"line":14,"column":44}},"6":{"start":{"line":15,"column":0},"end":{"line":15,"column":88}},"7":{"start":{"line":16,"column":0},"end":{"line":16,"column":46}},"8":{"start":{"line":18,"column":15},"end":{"line":18,"column":31}},"9":{"start":{"line":62,"column":19},"end":{"line":62,"column":37}},"10":{"start":{"line":20,"column":0},"end":{"line":60,"column":2}},"11":{"start":{"line":25,"column":36},"end":{"line":59,"column":null}},"12":{"start":{"line":26,"column":10},"end":{"line":26,"column":31}},"13":{"start":{"line":28,"column":18},"end":{"line":28,"column":null}},"14":{"start":{"line":28,"column":10},"end":{"line":28,"column":null}},"15":{"start":{"line":30,"column":4},"end":{"line":32,"column":null}},"16":{"start":{"line":31,"column":6},"end":{"line":31,"column":32}},"17":{"start":{"line":34,"column":4},"end":{"line":36,"column":null}},"18":{"start":{"line":35,"column":6},"end":{"line":35,"column":37}},"19":{"start":{"line":38,"column":4},"end":{"line":40,"column":null}},"20":{"start":{"line":39,"column":6},"end":{"line":39,"column":68}},"21":{"start":{"line":42,"column":19},"end":{"line":46,"column":null}},"22":{"start":{"line":42,"column":10},"end":{"line":46,"column":null}},"23":{"start":{"line":47,"column":4},"end":{"line":47,"column":24}},"24":{"start":{"line":49,"column":10},"end":{"line":49,"column":78}},"25":{"start":{"line":50,"column":4},"end":{"line":50,"column":25}},"26":{"start":{"line":52,"column":4},"end":{"line":56,"column":7}},"27":{"start":{"line":58,"column":4},"end":{"line":58,"column":45}}},"fnMap":{"0":{"name":"(anonymous_14)","decl":{"start":{"line":25,"column":2},"end":{"line":25,"column":9}},"loc":{"start":{"line":25,"column":36},"end":{"line":59,"column":null}}},"1":{"name":"(anonymous_15)","decl":{"start":{"line":25,"column":36},"end":{"line":25,"column":null}},"loc":{"start":{"line":25,"column":36},"end":{"line":59,"column":null}}}},"branchMap":{"0":{"loc":{"start":{"line":30,"column":4},"end":{"line":32,"column":null}},"type":"if","locations":[{"start":{"line":30,"column":4},"end":{"line":32,"column":null}},{"start":{"line":30,"column":4},"end":{"line":32,"column":null}}]},"1":{"loc":{"start":{"line":34,"column":4},"end":{"line":36,"column":null}},"type":"if","locations":[{"start":{"line":34,"column":4},"end":{"line":36,"column":null}},{"start":{"line":34,"column":4},"end":{"line":36,"column":null}}]},"2":{"loc":{"start":{"line":38,"column":4},"end":{"line":40,"column":null}},"type":"if","locations":[{"start":{"line":38,"column":4},"end":{"line":40,"column":null}},{"start":{"line":38,"column":4},"end":{"line":40,"column":null}}]}},"s":{"0":1,"1":1,"2":1,"3":1,"4":1,"5":1,"6":1,"7":1,"8":1,"9":1,"10":1,"11":3,"12":3,"13":3,"14":3,"15":3,"16":1,"17":2,"18":1,"19":1,"20":1,"21":0,"22":0,"23":0,"24":0,"25":0,"26":0,"27":0},"f":{"0":3,"1":3},"b":{"0":[1,2],"1":[1,1],"2":[1,0]}}
}
