TN:
SF:src/app.ts
FN:24,(anonymous_14)
FN:24,(anonymous_15)
FNF:2
FNH:0
FNDA:0,(anonymous_14)
FNDA:0,(anonymous_15)
DA:1,1
DA:2,1
DA:3,1
DA:4,1
DA:5,1
DA:7,1
DA:9,1
DA:10,1
DA:11,1
DA:13,1
DA:20,1
DA:22,1
DA:24,1
DA:25,0
DA:28,1
DA:30,1
LF:16
LH:15
BRF:0
BRH:0
end_of_record
TN:
SF:src/events/listeners/order-created-listener.ts
FN:6,(anonymous_19)
FN:10,(anonymous_21)
FNF:2
FNH:2
FNDA:3,(anonymous_19)
FNDA:2,(anonymous_21)
DA:1,1
DA:2,1
DA:4,1
DA:6,2
DA:7,2
DA:8,2
DA:10,1
DA:11,2
DA:19,4
DA:21,2
DA:23,1
LF:11
LH:11
BRDA:6,0,0,2
BRDA:6,0,1,2
BRDA:6,0,2,2
BRF:3
BRH:3
end_of_record
TN:
SF:src/events/listeners/queue-group-name.ts
FNF:0
FNH:0
DA:1,1
LF:1
LH:1
BRF:0
BRH:0
end_of_record
TN:
SF:src/events/publisher/payment-created-publisher.ts
FN:3,(anonymous_6)
FNF:1
FNH:1
FNDA:1,(anonymous_6)
DA:1,1
DA:3,1
DA:4,0
DA:5,1
LF:4
LH:3
BRDA:3,0,0,0
BRDA:3,0,1,0
BRDA:3,0,2,0
BRF:3
BRH:0
end_of_record
TN:
SF:src/models/order.ts
FN:45,(anonymous_1)
FN:56,(anonymous_2)
FNF:2
FNH:1
FNDA:0,(anonymous_1)
FNDA:4,(anonymous_2)
DA:1,2
DA:3,2
DA:5,2
DA:26,2
DA:46,0
DA:47,0
DA:53,2
DA:54,2
DA:56,2
DA:57,4
DA:66,2
DA:68,2
LF:12
LH:10
BRF:0
BRH:0
end_of_record
TN:
SF:src/models/payment.ts
FN:30,(anonymous_1)
FN:38,(anonymous_2)
FNF:2
FNH:0
FNDA:0,(anonymous_1)
FNDA:0,(anonymous_2)
DA:1,1
DA:17,1
DA:31,0
DA:32,0
DA:38,1
DA:39,0
DA:42,1
DA:47,1
LF:8
LH:5
BRF:0
BRH:0
end_of_record
TN:
SF:src/routes/new.ts
FN:25,(anonymous_14)
FN:25,(anonymous_15)
FNF:2
FNH:2
FNDA:3,(anonymous_14)
FNDA:3,(anonymous_15)
DA:1,1
DA:2,1
DA:3,1
DA:11,1
DA:13,1
DA:14,1
DA:15,1
DA:16,1
DA:18,1
DA:20,1
DA:25,3
DA:26,3
DA:28,3
DA:30,3
DA:31,1
DA:34,2
DA:35,1
DA:38,1
DA:39,1
DA:42,0
DA:47,0
DA:49,0
DA:50,0
DA:52,0
DA:58,0
DA:62,1
LF:26
LH:20
BRDA:30,0,0,1
BRDA:30,0,1,2
BRDA:34,1,0,1
BRDA:34,1,1,1
BRDA:38,2,0,1
BRDA:38,2,1,0
BRF:6
BRH:5
end_of_record
