{"/home/omichalo/devs/udemy/microservices/ticketing/orders/src/events/listeners/expiration-complete-listener.ts": {"path":"/home/omichalo/devs/udemy/microservices/ticketing/orders/src/events/listeners/expiration-complete-listener.ts","statementMap":{"0":{"start":{"line":1,"column":0},"end":{"line":1,"column":null}},"1":{"start":{"line":7,"column":0},"end":{"line":7,"column":52}},"2":{"start":{"line":9,"column":0},"end":{"line":9,"column":43}},"3":{"start":{"line":10,"column":0},"end":{"line":10,"column":82}},"4":{"start":{"line":11,"column":0},"end":{"line":11,"column":49}},"5":{"start":{"line":13,"column":0},"end":{"line":13,"column":null}},"6":{"start":{"line":13,"column":48},"end":{"line":13,"column":56}},"7":{"start":{"line":13,"column":0},"end":{"line":13,"column":13}},"8":{"start":{"line":16,"column":2},"end":{"line":16,"column":69}},"9":{"start":{"line":17,"column":2},"end":{"line":17,"column":34}},"10":{"start":{"line":19,"column":8},"end":{"line":41,"column":null}},"11":{"start":{"line":20,"column":18},"end":{"line":20,"column":null}},"12":{"start":{"line":20,"column":10},"end":{"line":20,"column":null}},"13":{"start":{"line":22,"column":4},"end":{"line":24,"column":null}},"14":{"start":{"line":23,"column":6},"end":{"line":23,"column":41}},"15":{"start":{"line":26,"column":4},"end":{"line":28,"column":null}},"16":{"start":{"line":27,"column":6},"end":{"line":27,"column":23}},"17":{"start":{"line":29,"column":4},"end":{"line":29,"column":49}},"18":{"start":{"line":30,"column":4},"end":{"line":30,"column":23}},"19":{"start":{"line":32,"column":4},"end":{"line":38,"column":7}},"20":{"start":{"line":40,"column":4},"end":{"line":40,"column":14}},"21":{"start":{"line":42,"column":0},"end":{"line":42,"column":null}},"22":{"start":{"line":13,"column":13},"end":{"line":13,"column":39}}},"fnMap":{"0":{"name":"(anonymous_19)","decl":{"start":{"line":13,"column":0},"end":{"line":13,"column":13}},"loc":{"start":{"line":13,"column":0},"end":{"line":42,"column":null}}},"1":{"name":"(anonymous_21)","decl":{"start":{"line":19,"column":2},"end":{"line":19,"column":8}},"loc":{"start":{"line":19,"column":69},"end":{"line":41,"column":null}}}},"branchMap":{"0":{"loc":{"start":{"line":13,"column":0},"end":{"line":13,"column":13}},"type":"binary-expr","locations":[{"start":{"line":13,"column":0},"end":{"line":13,"column":13}},{"start":{"line":13,"column":0},"end":{"line":13,"column":13}},{"start":{"line":13,"column":0},"end":{"line":13,"column":13}}]},"1":{"loc":{"start":{"line":20,"column":18},"end":{"line":20,"column":null}},"type":"switch","locations":[{"start":{"line":20,"column":18},"end":{"line":20,"column":null}}]},"2":{"loc":{"start":{"line":22,"column":4},"end":{"line":24,"column":null}},"type":"if","locations":[{"start":{"line":22,"column":4},"end":{"line":24,"column":null}},{"start":{"line":22,"column":4},"end":{"line":24,"column":null}}]},"3":{"loc":{"start":{"line":26,"column":4},"end":{"line":28,"column":null}},"type":"if","locations":[{"start":{"line":26,"column":4},"end":{"line":28,"column":null}},{"start":{"line":26,"column":4},"end":{"line":28,"column":null}}]}},"s":{"0":1,"1":1,"2":1,"3":1,"4":1,"5":1,"6":1,"7":3,"8":3,"9":3,"10":1,"11":3,"12":3,"13":3,"14":0,"15":3,"16":0,"17":3,"18":6,"19":6,"20":3,"21":1,"22":1},"f":{"0":4,"1":3},"b":{"0":[3,3,3],"1":[3],"2":[0,3],"3":[0,3]}}
,"/home/omichalo/devs/udemy/microservices/ticketing/orders/src/events/listeners/queue-group-name.ts": {"path":"/home/omichalo/devs/udemy/microservices/ticketing/orders/src/events/listeners/queue-group-name.ts","statementMap":{"0":{"start":{"line":1,"column":13},"end":{"line":1,"column":47}}},"fnMap":{},"branchMap":{},"s":{"0":1},"f":{},"b":{}}
,"/home/omichalo/devs/udemy/microservices/ticketing/orders/src/events/publishers/order-cancelled-publisher.ts": {"path":"/home/omichalo/devs/udemy/microservices/ticketing/orders/src/events/publishers/order-cancelled-publisher.ts","statementMap":{"0":{"start":{"line":1,"column":0},"end":{"line":1,"column":77}},"1":{"start":{"line":3,"column":0},"end":{"line":3,"column":75}},"2":{"start":{"line":3,"column":45},"end":{"line":3,"column":54}},"3":{"start":{"line":3,"column":0},"end":{"line":3,"column":13}},"4":{"start":{"line":4,"column":2},"end":{"line":4,"column":61}},"5":{"start":{"line":5,"column":0},"end":{"line":5,"column":null}},"6":{"start":{"line":3,"column":13},"end":{"line":3,"column":36}}},"fnMap":{"0":{"name":"(anonymous_6)","decl":{"start":{"line":3,"column":0},"end":{"line":3,"column":13}},"loc":{"start":{"line":3,"column":0},"end":{"line":5,"column":null}}}},"branchMap":{"0":{"loc":{"start":{"line":3,"column":0},"end":{"line":3,"column":13}},"type":"binary-expr","locations":[{"start":{"line":3,"column":0},"end":{"line":3,"column":13}},{"start":{"line":3,"column":0},"end":{"line":3,"column":13}},{"start":{"line":3,"column":0},"end":{"line":3,"column":13}}]}},"s":{"0":1,"1":1,"2":1,"3":3,"4":3,"5":1,"6":1},"f":{"0":4},"b":{"0":[3,3,3]}}
,"/home/omichalo/devs/udemy/microservices/ticketing/orders/src/models/order.ts": {"path":"/home/omichalo/devs/udemy/microservices/ticketing/orders/src/models/order.ts","statementMap":{"0":{"start":{"line":1,"column":0},"end":{"line":1,"column":44}},"1":{"start":{"line":3,"column":0},"end":{"line":3,"column":67}},"2":{"start":{"line":5,"column":0},"end":{"line":5,"column":9}},"3":{"start":{"line":9,"column":9},"end":{"line":5,"column":48}},"4":{"start":{"line":30,"column":20},"end":{"line":58,"column":null}},"5":{"start":{"line":54,"column":8},"end":{"line":54,"column":25}},"6":{"start":{"line":55,"column":8},"end":{"line":55,"column":23}},"7":{"start":{"line":61,"column":0},"end":{"line":61,"column":41}},"8":{"start":{"line":62,"column":0},"end":{"line":62,"column":42}},"9":{"start":{"line":64,"column":0},"end":{"line":66,"column":2}},"10":{"start":{"line":65,"column":2},"end":{"line":65,"column":26}},"11":{"start":{"line":68,"column":14},"end":{"line":68,"column":72}},"12":{"start":{"line":70,"column":9},"end":{"line":70,"column":14}}},"fnMap":{"0":{"name":"(anonymous_1)","decl":{"start":{"line":53,"column":15},"end":{"line":53,"column":16}},"loc":{"start":{"line":53,"column":24},"end":{"line":56,"column":7}}},"1":{"name":"(anonymous_2)","decl":{"start":{"line":64,"column":28},"end":{"line":64,"column":29}},"loc":{"start":{"line":64,"column":46},"end":{"line":66,"column":1}}}},"branchMap":{},"s":{"0":1,"1":1,"2":1,"3":1,"4":1,"5":0,"6":0,"7":1,"8":1,"9":1,"10":3,"11":1,"12":1},"f":{"0":0,"1":3},"b":{}}
,"/home/omichalo/devs/udemy/microservices/ticketing/orders/src/models/ticket.ts": {"path":"/home/omichalo/devs/udemy/microservices/ticketing/orders/src/models/ticket.ts","statementMap":{"0":{"start":{"line":1,"column":0},"end":{"line":1,"column":48}},"1":{"start":{"line":3,"column":0},"end":{"line":3,"column":67}},"2":{"start":{"line":5,"column":0},"end":{"line":5,"column":45}},"3":{"start":{"line":35,"column":21},"end":{"line":54,"column":null}},"4":{"start":{"line":50,"column":8},"end":{"line":50,"column":25}},"5":{"start":{"line":51,"column":8},"end":{"line":51,"column":23}},"6":{"start":{"line":57,"column":0},"end":{"line":57,"column":42}},"7":{"start":{"line":58,"column":0},"end":{"line":58,"column":43}},"8":{"start":{"line":60,"column":0},"end":{"line":66,"column":2}},"9":{"start":{"line":61,"column":2},"end":{"line":65,"column":5}},"10":{"start":{"line":68,"column":0},"end":{"line":70,"column":2}},"11":{"start":{"line":69,"column":2},"end":{"line":69,"column":71}},"12":{"start":{"line":72,"column":0},"end":{"line":85,"column":2}},"13":{"start":{"line":73,"column":24},"end":{"line":82,"column":null}},"14":{"start":{"line":73,"column":8},"end":{"line":82,"column":null}},"15":{"start":{"line":84,"column":2},"end":{"line":84,"column":25}},"16":{"start":{"line":87,"column":15},"end":{"line":87,"column":77}},"17":{"start":{"line":89,"column":9},"end":{"line":89,"column":15}}},"fnMap":{"0":{"name":"(anonymous_14)","decl":{"start":{"line":49,"column":15},"end":{"line":49,"column":16}},"loc":{"start":{"line":49,"column":24},"end":{"line":52,"column":7}}},"1":{"name":"(anonymous_15)","decl":{"start":{"line":60,"column":29},"end":{"line":60,"column":30}},"loc":{"start":{"line":60,"column":48},"end":{"line":66,"column":1}}},"2":{"name":"(anonymous_16)","decl":{"start":{"line":68,"column":35},"end":{"line":68,"column":36}},"loc":{"start":{"line":68,"column":74},"end":{"line":70,"column":1}}},"3":{"name":"(anonymous_17)","decl":{"start":{"line":72,"column":34},"end":{"line":72,"column":null}},"loc":{"start":{"line":72,"column":34},"end":{"line":85,"column":2}}}},"branchMap":{"0":{"loc":{"start":{"line":73,"column":24},"end":{"line":82,"column":null}},"type":"switch","locations":[{"start":{"line":73,"column":24},"end":{"line":82,"column":null}}]}},"s":{"0":1,"1":1,"2":1,"3":1,"4":0,"5":0,"6":1,"7":1,"8":1,"9":3,"10":1,"11":0,"12":1,"13":0,"14":0,"15":0,"16":1,"17":1},"f":{"0":0,"1":3,"2":0,"3":0},"b":{"0":[0]}}
}
