TN:
SF:src/events/listeners/expiration-complete-listener.ts
FN:13,(anonymous_19)
FN:19,(anonymous_21)
FNF:2
FNH:2
FNDA:4,(anonymous_19)
FNDA:3,(anonymous_21)
DA:1,1
DA:7,1
DA:9,1
DA:10,1
DA:11,1
DA:13,3
DA:16,3
DA:17,3
DA:19,1
DA:20,3
DA:22,3
DA:23,0
DA:26,3
DA:27,0
DA:29,3
DA:30,6
DA:32,6
DA:40,3
DA:42,1
LF:19
LH:17
BRDA:13,0,0,3
BRDA:13,0,1,3
BRDA:13,0,2,3
BRDA:20,1,0,3
BRDA:22,2,0,0
BRDA:22,2,1,3
BRDA:26,3,0,0
BRDA:26,3,1,3
BRF:8
BRH:6
end_of_record
TN:
SF:src/events/listeners/queue-group-name.ts
FNF:0
FNH:0
DA:1,1
LF:1
LH:1
BRF:0
BRH:0
end_of_record
TN:
SF:src/events/publishers/order-cancelled-publisher.ts
FN:3,(anonymous_6)
FNF:1
FNH:1
FNDA:4,(anonymous_6)
DA:1,1
DA:3,3
DA:4,3
DA:5,1
LF:4
LH:4
BRDA:3,0,0,3
BRDA:3,0,1,3
BRDA:3,0,2,3
BRF:3
BRH:3
end_of_record
TN:
SF:src/models/order.ts
FN:53,(anonymous_1)
FN:64,(anonymous_2)
FNF:2
FNH:1
FNDA:0,(anonymous_1)
FNDA:3,(anonymous_2)
DA:1,1
DA:3,1
DA:5,1
DA:9,1
DA:30,1
DA:54,0
DA:55,0
DA:61,1
DA:62,1
DA:64,1
DA:65,3
DA:68,1
DA:70,1
LF:13
LH:11
BRF:0
BRH:0
end_of_record
TN:
SF:src/models/ticket.ts
FN:49,(anonymous_14)
FN:60,(anonymous_15)
FN:68,(anonymous_16)
FN:72,(anonymous_17)
FNF:4
FNH:1
FNDA:0,(anonymous_14)
FNDA:3,(anonymous_15)
FNDA:0,(anonymous_16)
FNDA:0,(anonymous_17)
DA:1,1
DA:3,1
DA:5,1
DA:35,1
DA:50,0
DA:51,0
DA:57,1
DA:58,1
DA:60,1
DA:61,3
DA:68,1
DA:69,0
DA:72,1
DA:73,0
DA:84,0
DA:87,1
DA:89,1
LF:17
LH:12
BRDA:73,0,0,0
BRF:1
BRH:0
end_of_record
