{"/home/omichalo/devs/udemy/microservices/ticketing/tickets/src/app.ts": {"path":"/home/omichalo/devs/udemy/microservices/ticketing/tickets/src/app.ts","statementMap":{"0":{"start":{"line":1,"column":0},"end":{"line":1,"column":30}},"1":{"start":{"line":2,"column":0},"end":{"line":2,"column":30}},"2":{"start":{"line":3,"column":0},"end":{"line":3,"column":35}},"3":{"start":{"line":4,"column":0},"end":{"line":4,"column":43}},"4":{"start":{"line":5,"column":0},"end":{"line":5,"column":77}},"5":{"start":{"line":7,"column":0},"end":{"line":7,"column":50}},"6":{"start":{"line":8,"column":0},"end":{"line":8,"column":49}},"7":{"start":{"line":9,"column":0},"end":{"line":9,"column":51}},"8":{"start":{"line":10,"column":0},"end":{"line":10,"column":53}},"9":{"start":{"line":12,"column":12},"end":{"line":12,"column":21}},"10":{"start":{"line":36,"column":9},"end":{"line":36,"column":12}},"11":{"start":{"line":13,"column":0},"end":{"line":13,"column":29}},"12":{"start":{"line":14,"column":0},"end":{"line":14,"column":16}},"13":{"start":{"line":16,"column":0},"end":{"line":21,"column":2}},"14":{"start":{"line":23,"column":0},"end":{"line":23,"column":21}},"15":{"start":{"line":25,"column":0},"end":{"line":25,"column":28}},"16":{"start":{"line":26,"column":0},"end":{"line":26,"column":26}},"17":{"start":{"line":27,"column":0},"end":{"line":27,"column":27}},"18":{"start":{"line":28,"column":0},"end":{"line":28,"column":28}},"19":{"start":{"line":30,"column":0},"end":{"line":32,"column":3}},"20":{"start":{"line":30,"column":28},"end":{"line":32,"column":2}},"21":{"start":{"line":31,"column":2},"end":{"line":31,"column":28}},"22":{"start":{"line":34,"column":0},"end":{"line":34,"column":22}}},"fnMap":{"0":{"name":"(anonymous_14)","decl":{"start":{"line":30,"column":13},"end":{"line":30,"column":20}},"loc":{"start":{"line":30,"column":28},"end":{"line":32,"column":2}}},"1":{"name":"(anonymous_15)","decl":{"start":{"line":30,"column":28},"end":{"line":30,"column":null}},"loc":{"start":{"line":30,"column":28},"end":{"line":32,"column":2}}}},"branchMap":{},"s":{"0":4,"1":4,"2":4,"3":4,"4":4,"5":4,"6":4,"7":4,"8":4,"9":4,"10":4,"11":4,"12":4,"13":4,"14":4,"15":4,"16":4,"17":4,"18":4,"19":4,"20":1,"21":1,"22":4},"f":{"0":1,"1":1},"b":{}}
,"/home/omichalo/devs/udemy/microservices/ticketing/tickets/src/events/listeners/order-cancelled-listener.ts": {"path":"/home/omichalo/devs/udemy/microservices/ticketing/tickets/src/events/listeners/order-cancelled-listener.ts","statementMap":{"0":{"start":{"line":1,"column":0},"end":{"line":1,"column":76}},"1":{"start":{"line":2,"column":0},"end":{"line":2,"column":52}},"2":{"start":{"line":4,"column":0},"end":{"line":4,"column":45}},"3":{"start":{"line":5,"column":0},"end":{"line":5,"column":80}},"4":{"start":{"line":7,"column":0},"end":{"line":7,"column":73}},"5":{"start":{"line":7,"column":44},"end":{"line":7,"column":52}},"6":{"start":{"line":7,"column":0},"end":{"line":7,"column":13}},"7":{"start":{"line":8,"column":2},"end":{"line":8,"column":61}},"8":{"start":{"line":9,"column":2},"end":{"line":9,"column":34}},"9":{"start":{"line":11,"column":8},"end":{"line":36,"column":null}},"10":{"start":{"line":13,"column":19},"end":{"line":13,"column":null}},"11":{"start":{"line":13,"column":10},"end":{"line":13,"column":null}},"12":{"start":{"line":16,"column":4},"end":{"line":18,"column":null}},"13":{"start":{"line":17,"column":6},"end":{"line":17,"column":42}},"14":{"start":{"line":21,"column":4},"end":{"line":21,"column":39}},"15":{"start":{"line":24,"column":4},"end":{"line":24,"column":24}},"16":{"start":{"line":25,"column":4},"end":{"line":32,"column":7}},"17":{"start":{"line":35,"column":4},"end":{"line":35,"column":14}},"18":{"start":{"line":37,"column":0},"end":{"line":37,"column":null}},"19":{"start":{"line":7,"column":13},"end":{"line":7,"column":35}}},"fnMap":{"0":{"name":"(anonymous_19)","decl":{"start":{"line":7,"column":0},"end":{"line":7,"column":13}},"loc":{"start":{"line":7,"column":0},"end":{"line":37,"column":null}}},"1":{"name":"(anonymous_21)","decl":{"start":{"line":11,"column":2},"end":{"line":11,"column":8}},"loc":{"start":{"line":11,"column":65},"end":{"line":36,"column":null}}}},"branchMap":{"0":{"loc":{"start":{"line":7,"column":0},"end":{"line":7,"column":13}},"type":"binary-expr","locations":[{"start":{"line":7,"column":0},"end":{"line":7,"column":13}},{"start":{"line":7,"column":0},"end":{"line":7,"column":13}},{"start":{"line":7,"column":0},"end":{"line":7,"column":13}}]},"1":{"loc":{"start":{"line":13,"column":19},"end":{"line":13,"column":null}},"type":"switch","locations":[{"start":{"line":13,"column":19},"end":{"line":13,"column":null}}]},"2":{"loc":{"start":{"line":16,"column":4},"end":{"line":18,"column":null}},"type":"if","locations":[{"start":{"line":16,"column":4},"end":{"line":18,"column":null}},{"start":{"line":16,"column":4},"end":{"line":18,"column":null}}]}},"s":{"0":1,"1":1,"2":1,"3":1,"4":1,"5":1,"6":1,"7":1,"8":1,"9":1,"10":1,"11":1,"12":1,"13":0,"14":1,"15":2,"16":2,"17":1,"18":1,"19":1},"f":{"0":2,"1":1},"b":{"0":[1,1,1],"1":[1],"2":[0,1]}}
,"/home/omichalo/devs/udemy/microservices/ticketing/tickets/src/events/listeners/order-created-listener.ts": {"path":"/home/omichalo/devs/udemy/microservices/ticketing/tickets/src/events/listeners/order-created-listener.ts","statementMap":{"0":{"start":{"line":1,"column":0},"end":{"line":1,"column":74}},"1":{"start":{"line":2,"column":0},"end":{"line":2,"column":52}},"2":{"start":{"line":4,"column":0},"end":{"line":4,"column":45}},"3":{"start":{"line":5,"column":0},"end":{"line":5,"column":80}},"4":{"start":{"line":7,"column":0},"end":{"line":7,"column":69}},"5":{"start":{"line":7,"column":42},"end":{"line":7,"column":50}},"6":{"start":{"line":7,"column":0},"end":{"line":7,"column":13}},"7":{"start":{"line":8,"column":2},"end":{"line":8,"column":57}},"8":{"start":{"line":9,"column":2},"end":{"line":9,"column":34}},"9":{"start":{"line":11,"column":8},"end":{"line":36,"column":null}},"10":{"start":{"line":13,"column":19},"end":{"line":13,"column":null}},"11":{"start":{"line":13,"column":10},"end":{"line":13,"column":null}},"12":{"start":{"line":16,"column":4},"end":{"line":18,"column":null}},"13":{"start":{"line":17,"column":6},"end":{"line":17,"column":42}},"14":{"start":{"line":21,"column":4},"end":{"line":21,"column":35}},"15":{"start":{"line":24,"column":4},"end":{"line":24,"column":24}},"16":{"start":{"line":25,"column":4},"end":{"line":32,"column":7}},"17":{"start":{"line":35,"column":4},"end":{"line":35,"column":14}},"18":{"start":{"line":37,"column":0},"end":{"line":37,"column":null}},"19":{"start":{"line":7,"column":13},"end":{"line":7,"column":33}}},"fnMap":{"0":{"name":"(anonymous_19)","decl":{"start":{"line":7,"column":0},"end":{"line":7,"column":13}},"loc":{"start":{"line":7,"column":0},"end":{"line":37,"column":null}}},"1":{"name":"(anonymous_21)","decl":{"start":{"line":11,"column":2},"end":{"line":11,"column":8}},"loc":{"start":{"line":11,"column":63},"end":{"line":36,"column":null}}}},"branchMap":{"0":{"loc":{"start":{"line":7,"column":0},"end":{"line":7,"column":13}},"type":"binary-expr","locations":[{"start":{"line":7,"column":0},"end":{"line":7,"column":13}},{"start":{"line":7,"column":0},"end":{"line":7,"column":13}},{"start":{"line":7,"column":0},"end":{"line":7,"column":13}}]},"1":{"loc":{"start":{"line":13,"column":19},"end":{"line":13,"column":null}},"type":"switch","locations":[{"start":{"line":13,"column":19},"end":{"line":13,"column":null}}]},"2":{"loc":{"start":{"line":16,"column":4},"end":{"line":18,"column":null}},"type":"if","locations":[{"start":{"line":16,"column":4},"end":{"line":18,"column":null}},{"start":{"line":16,"column":4},"end":{"line":18,"column":null}}]}},"s":{"0":1,"1":1,"2":1,"3":1,"4":1,"5":1,"6":3,"7":3,"8":3,"9":1,"10":3,"11":3,"12":3,"13":0,"14":3,"15":6,"16":6,"17":3,"18":1,"19":1},"f":{"0":4,"1":3},"b":{"0":[3,3,3],"1":[3],"2":[0,3]}}
,"/home/omichalo/devs/udemy/microservices/ticketing/tickets/src/events/listeners/queue-group-name.ts": {"path":"/home/omichalo/devs/udemy/microservices/ticketing/tickets/src/events/listeners/queue-group-name.ts","statementMap":{"0":{"start":{"line":1,"column":13},"end":{"line":1,"column":48}}},"fnMap":{},"branchMap":{},"s":{"0":2},"f":{},"b":{}}
,"/home/omichalo/devs/udemy/microservices/ticketing/tickets/src/events/publishers/ticket-created-publisher.ts": {"path":"/home/omichalo/devs/udemy/microservices/ticketing/tickets/src/events/publishers/ticket-created-publisher.ts","statementMap":{"0":{"start":{"line":1,"column":0},"end":{"line":1,"column":76}},"1":{"start":{"line":3,"column":0},"end":{"line":3,"column":73}},"2":{"start":{"line":3,"column":44},"end":{"line":3,"column":53}},"3":{"start":{"line":3,"column":0},"end":{"line":3,"column":13}},"4":{"start":{"line":4,"column":2},"end":{"line":4,"column":59}},"5":{"start":{"line":5,"column":0},"end":{"line":5,"column":null}},"6":{"start":{"line":3,"column":13},"end":{"line":3,"column":35}}},"fnMap":{"0":{"name":"(anonymous_6)","decl":{"start":{"line":3,"column":0},"end":{"line":3,"column":13}},"loc":{"start":{"line":3,"column":0},"end":{"line":5,"column":null}}}},"branchMap":{"0":{"loc":{"start":{"line":3,"column":0},"end":{"line":3,"column":13}},"type":"binary-expr","locations":[{"start":{"line":3,"column":0},"end":{"line":3,"column":13}},{"start":{"line":3,"column":0},"end":{"line":3,"column":13}},{"start":{"line":3,"column":0},"end":{"line":3,"column":13}}]}},"s":{"0":4,"1":4,"2":4,"3":11,"4":11,"5":4,"6":4},"f":{"0":15},"b":{"0":[11,11,11]}}
,"/home/omichalo/devs/udemy/microservices/ticketing/tickets/src/events/publishers/ticket-updated-publisher.ts": {"path":"/home/omichalo/devs/udemy/microservices/ticketing/tickets/src/events/publishers/ticket-updated-publisher.ts","statementMap":{"0":{"start":{"line":1,"column":0},"end":{"line":1,"column":76}},"1":{"start":{"line":3,"column":0},"end":{"line":3,"column":73}},"2":{"start":{"line":3,"column":44},"end":{"line":3,"column":53}},"3":{"start":{"line":3,"column":0},"end":{"line":3,"column":13}},"4":{"start":{"line":4,"column":2},"end":{"line":4,"column":59}},"5":{"start":{"line":5,"column":0},"end":{"line":5,"column":null}},"6":{"start":{"line":3,"column":13},"end":{"line":3,"column":35}}},"fnMap":{"0":{"name":"(anonymous_6)","decl":{"start":{"line":3,"column":0},"end":{"line":3,"column":13}},"loc":{"start":{"line":3,"column":0},"end":{"line":5,"column":null}}}},"branchMap":{"0":{"loc":{"start":{"line":3,"column":0},"end":{"line":3,"column":13}},"type":"binary-expr","locations":[{"start":{"line":3,"column":0},"end":{"line":3,"column":13}},{"start":{"line":3,"column":0},"end":{"line":3,"column":13}},{"start":{"line":3,"column":0},"end":{"line":3,"column":13}}]}},"s":{"0":6,"1":6,"2":6,"3":6,"4":6,"5":6,"6":6},"f":{"0":12},"b":{"0":[6,6,6]}}
,"/home/omichalo/devs/udemy/microservices/ticketing/tickets/src/models/ticket.ts": {"path":"/home/omichalo/devs/udemy/microservices/ticketing/tickets/src/models/ticket.ts","statementMap":{"0":{"start":{"line":1,"column":0},"end":{"line":1,"column":48}},"1":{"start":{"line":2,"column":0},"end":{"line":2,"column":67}},"2":{"start":{"line":28,"column":21},"end":{"line":54,"column":null}},"3":{"start":{"line":50,"column":8},"end":{"line":50,"column":25}},"4":{"start":{"line":51,"column":8},"end":{"line":51,"column":23}},"5":{"start":{"line":57,"column":0},"end":{"line":57,"column":42}},"6":{"start":{"line":58,"column":0},"end":{"line":58,"column":43}},"7":{"start":{"line":60,"column":0},"end":{"line":62,"column":2}},"8":{"start":{"line":61,"column":2},"end":{"line":61,"column":27}},"9":{"start":{"line":64,"column":15},"end":{"line":64,"column":77}},"10":{"start":{"line":66,"column":9},"end":{"line":66,"column":15}}},"fnMap":{"0":{"name":"(anonymous_1)","decl":{"start":{"line":49,"column":15},"end":{"line":49,"column":16}},"loc":{"start":{"line":49,"column":24},"end":{"line":52,"column":7}}},"1":{"name":"(anonymous_2)","decl":{"start":{"line":60,"column":29},"end":{"line":60,"column":30}},"loc":{"start":{"line":60,"column":48},"end":{"line":62,"column":1}}}},"branchMap":{},"s":{"0":7,"1":7,"2":7,"3":18,"4":18,"5":7,"6":7,"7":7,"8":17,"9":7,"10":7},"f":{"0":18,"1":17},"b":{}}
,"/home/omichalo/devs/udemy/microservices/ticketing/tickets/src/routes/index.ts": {"path":"/home/omichalo/devs/udemy/microservices/ticketing/tickets/src/routes/index.ts","statementMap":{"0":{"start":{"line":1,"column":0},"end":{"line":1,"column":53}},"1":{"start":{"line":3,"column":0},"end":{"line":3,"column":42}},"2":{"start":{"line":5,"column":15},"end":{"line":5,"column":31}},"3":{"start":{"line":13,"column":19},"end":{"line":13,"column":36}},"4":{"start":{"line":7,"column":0},"end":{"line":11,"column":3}},"5":{"start":{"line":7,"column":61},"end":{"line":11,"column":2}},"6":{"start":{"line":8,"column":18},"end":{"line":8,"column":null}},"7":{"start":{"line":8,"column":8},"end":{"line":8,"column":null}},"8":{"start":{"line":10,"column":2},"end":{"line":10,"column":20}}},"fnMap":{"0":{"name":"(anonymous_14)","decl":{"start":{"line":7,"column":27},"end":{"line":7,"column":34}},"loc":{"start":{"line":7,"column":61},"end":{"line":11,"column":2}}},"1":{"name":"(anonymous_15)","decl":{"start":{"line":7,"column":61},"end":{"line":7,"column":null}},"loc":{"start":{"line":7,"column":61},"end":{"line":11,"column":2}}}},"branchMap":{"0":{"loc":{"start":{"line":8,"column":18},"end":{"line":8,"column":null}},"type":"switch","locations":[{"start":{"line":8,"column":18},"end":{"line":8,"column":null}}]}},"s":{"0":4,"1":4,"2":4,"3":4,"4":4,"5":1,"6":1,"7":1,"8":1},"f":{"0":1,"1":1},"b":{"0":[1]}}
,"/home/omichalo/devs/udemy/microservices/ticketing/tickets/src/routes/new.ts": {"path":"/home/omichalo/devs/udemy/microservices/ticketing/tickets/src/routes/new.ts","statementMap":{"0":{"start":{"line":1,"column":0},"end":{"line":1,"column":53}},"1":{"start":{"line":3,"column":0},"end":{"line":3,"column":66}},"2":{"start":{"line":4,"column":0},"end":{"line":4,"column":41}},"3":{"start":{"line":6,"column":0},"end":{"line":6,"column":42}},"4":{"start":{"line":7,"column":0},"end":{"line":7,"column":87}},"5":{"start":{"line":9,"column":0},"end":{"line":9,"column":46}},"6":{"start":{"line":11,"column":15},"end":{"line":11,"column":31}},"7":{"start":{"line":43,"column":19},"end":{"line":43,"column":37}},"8":{"start":{"line":13,"column":0},"end":{"line":41,"column":2}},"9":{"start":{"line":23,"column":36},"end":{"line":40,"column":null}},"10":{"start":{"line":24,"column":10},"end":{"line":24,"column":29}},"11":{"start":{"line":25,"column":10},"end":{"line":29,"column":7}},"12":{"start":{"line":30,"column":4},"end":{"line":30,"column":24}},"13":{"start":{"line":31,"column":4},"end":{"line":37,"column":7}},"14":{"start":{"line":39,"column":4},"end":{"line":39,"column":33}}},"fnMap":{"0":{"name":"(anonymous_14)","decl":{"start":{"line":23,"column":2},"end":{"line":23,"column":9}},"loc":{"start":{"line":23,"column":36},"end":{"line":40,"column":null}}},"1":{"name":"(anonymous_15)","decl":{"start":{"line":23,"column":36},"end":{"line":23,"column":null}},"loc":{"start":{"line":23,"column":36},"end":{"line":40,"column":null}}}},"branchMap":{},"s":{"0":4,"1":4,"2":4,"3":4,"4":4,"5":4,"6":4,"7":4,"8":4,"9":11,"10":11,"11":11,"12":22,"13":11,"14":11},"f":{"0":11,"1":11},"b":{}}
,"/home/omichalo/devs/udemy/microservices/ticketing/tickets/src/routes/show.ts": {"path":"/home/omichalo/devs/udemy/microservices/ticketing/tickets/src/routes/show.ts","statementMap":{"0":{"start":{"line":1,"column":0},"end":{"line":1,"column":53}},"1":{"start":{"line":2,"column":0},"end":{"line":2,"column":50}},"2":{"start":{"line":4,"column":0},"end":{"line":4,"column":42}},"3":{"start":{"line":6,"column":15},"end":{"line":6,"column":31}},"4":{"start":{"line":17,"column":19},"end":{"line":17,"column":35}},"5":{"start":{"line":8,"column":0},"end":{"line":15,"column":3}},"6":{"start":{"line":8,"column":65},"end":{"line":15,"column":2}},"7":{"start":{"line":9,"column":17},"end":{"line":9,"column":null}},"8":{"start":{"line":9,"column":8},"end":{"line":9,"column":null}},"9":{"start":{"line":11,"column":2},"end":{"line":13,"column":null}},"10":{"start":{"line":12,"column":4},"end":{"line":12,"column":30}},"11":{"start":{"line":14,"column":2},"end":{"line":14,"column":19}}},"fnMap":{"0":{"name":"(anonymous_14)","decl":{"start":{"line":8,"column":31},"end":{"line":8,"column":38}},"loc":{"start":{"line":8,"column":65},"end":{"line":15,"column":2}}},"1":{"name":"(anonymous_15)","decl":{"start":{"line":8,"column":65},"end":{"line":8,"column":null}},"loc":{"start":{"line":8,"column":65},"end":{"line":15,"column":2}}}},"branchMap":{"0":{"loc":{"start":{"line":9,"column":17},"end":{"line":9,"column":null}},"type":"switch","locations":[{"start":{"line":9,"column":17},"end":{"line":9,"column":null}}]},"1":{"loc":{"start":{"line":11,"column":2},"end":{"line":13,"column":null}},"type":"if","locations":[{"start":{"line":11,"column":2},"end":{"line":13,"column":null}},{"start":{"line":11,"column":2},"end":{"line":13,"column":null}}]}},"s":{"0":4,"1":4,"2":4,"3":4,"4":4,"5":4,"6":3,"7":3,"8":3,"9":3,"10":1,"11":2},"f":{"0":3,"1":3},"b":{"0":[3],"1":[1,2]}}
,"/home/omichalo/devs/udemy/microservices/ticketing/tickets/src/routes/update.ts": {"path":"/home/omichalo/devs/udemy/microservices/ticketing/tickets/src/routes/update.ts","statementMap":{"0":{"start":{"line":1,"column":0},"end":{"line":1,"column":53}},"1":{"start":{"line":2,"column":0},"end":{"line":2,"column":null}},"2":{"start":{"line":9,"column":0},"end":{"line":9,"column":41}},"3":{"start":{"line":11,"column":0},"end":{"line":11,"column":42}},"4":{"start":{"line":12,"column":0},"end":{"line":12,"column":87}},"5":{"start":{"line":13,"column":0},"end":{"line":13,"column":46}},"6":{"start":{"line":15,"column":15},"end":{"line":15,"column":31}},"7":{"start":{"line":59,"column":19},"end":{"line":59,"column":37}},"8":{"start":{"line":17,"column":0},"end":{"line":57,"column":2}},"9":{"start":{"line":27,"column":36},"end":{"line":56,"column":null}},"10":{"start":{"line":28,"column":19},"end":{"line":28,"column":null}},"11":{"start":{"line":28,"column":10},"end":{"line":28,"column":null}},"12":{"start":{"line":30,"column":4},"end":{"line":32,"column":null}},"13":{"start":{"line":31,"column":6},"end":{"line":31,"column":32}},"14":{"start":{"line":34,"column":4},"end":{"line":36,"column":null}},"15":{"start":{"line":35,"column":6},"end":{"line":35,"column":37}},"16":{"start":{"line":38,"column":4},"end":{"line":40,"column":null}},"17":{"start":{"line":39,"column":6},"end":{"line":39,"column":65}},"18":{"start":{"line":42,"column":4},"end":{"line":45,"column":7}},"19":{"start":{"line":46,"column":4},"end":{"line":46,"column":24}},"20":{"start":{"line":47,"column":4},"end":{"line":53,"column":7}},"21":{"start":{"line":55,"column":4},"end":{"line":55,"column":21}}},"fnMap":{"0":{"name":"(anonymous_14)","decl":{"start":{"line":27,"column":2},"end":{"line":27,"column":9}},"loc":{"start":{"line":27,"column":36},"end":{"line":56,"column":null}}},"1":{"name":"(anonymous_15)","decl":{"start":{"line":27,"column":36},"end":{"line":27,"column":null}},"loc":{"start":{"line":27,"column":36},"end":{"line":56,"column":null}}}},"branchMap":{"0":{"loc":{"start":{"line":28,"column":19},"end":{"line":28,"column":null}},"type":"switch","locations":[{"start":{"line":28,"column":19},"end":{"line":28,"column":null}}]},"1":{"loc":{"start":{"line":30,"column":4},"end":{"line":32,"column":null}},"type":"if","locations":[{"start":{"line":30,"column":4},"end":{"line":32,"column":null}},{"start":{"line":30,"column":4},"end":{"line":32,"column":null}}]},"2":{"loc":{"start":{"line":34,"column":4},"end":{"line":36,"column":null}},"type":"if","locations":[{"start":{"line":34,"column":4},"end":{"line":36,"column":null}},{"start":{"line":34,"column":4},"end":{"line":36,"column":null}}]},"3":{"loc":{"start":{"line":38,"column":4},"end":{"line":40,"column":null}},"type":"if","locations":[{"start":{"line":38,"column":4},"end":{"line":40,"column":null}},{"start":{"line":38,"column":4},"end":{"line":40,"column":null}}]}},"s":{"0":4,"1":4,"2":4,"3":4,"4":4,"5":4,"6":4,"7":4,"8":4,"9":5,"10":5,"11":5,"12":5,"13":1,"14":4,"15":1,"16":3,"17":1,"18":2,"19":4,"20":2,"21":2},"f":{"0":5,"1":5},"b":{"0":[5],"1":[1,4],"2":[1,3],"3":[1,2]}}
}
