TN:
SF:src/app.ts
FN:30,(anonymous_14)
FN:30,(anonymous_15)
FNF:2
FNH:2
FNDA:1,(anonymous_14)
FNDA:1,(anonymous_15)
DA:1,4
DA:2,4
DA:3,4
DA:4,4
DA:5,4
DA:7,4
DA:8,4
DA:9,4
DA:10,4
DA:12,4
DA:13,4
DA:14,4
DA:16,4
DA:23,4
DA:25,4
DA:26,4
DA:27,4
DA:28,4
DA:30,4
DA:31,1
DA:34,4
DA:36,4
LF:22
LH:22
BRF:0
BRH:0
end_of_record
TN:
SF:src/events/listeners/order-cancelled-listener.ts
FN:7,(anonymous_19)
FN:11,(anonymous_21)
FNF:2
FNH:2
FNDA:2,(anonymous_19)
FNDA:1,(anonymous_21)
DA:1,1
DA:2,1
DA:4,1
DA:5,1
DA:7,1
DA:8,1
DA:9,1
DA:11,1
DA:13,1
DA:16,1
DA:17,0
DA:21,1
DA:24,2
DA:25,2
DA:35,1
DA:37,1
LF:16
LH:15
BRDA:7,0,0,1
BRDA:7,0,1,1
BRDA:7,0,2,1
BRDA:13,1,0,1
BRDA:16,2,0,0
BRDA:16,2,1,1
BRF:6
BRH:5
end_of_record
TN:
SF:src/events/listeners/order-created-listener.ts
FN:7,(anonymous_19)
FN:11,(anonymous_21)
FNF:2
FNH:2
FNDA:4,(anonymous_19)
FNDA:3,(anonymous_21)
DA:1,1
DA:2,1
DA:4,1
DA:5,1
DA:7,3
DA:8,3
DA:9,3
DA:11,1
DA:13,3
DA:16,3
DA:17,0
DA:21,3
DA:24,6
DA:25,6
DA:35,3
DA:37,1
LF:16
LH:15
BRDA:7,0,0,3
BRDA:7,0,1,3
BRDA:7,0,2,3
BRDA:13,1,0,3
BRDA:16,2,0,0
BRDA:16,2,1,3
BRF:6
BRH:5
end_of_record
TN:
SF:src/events/listeners/queue-group-name.ts
FNF:0
FNH:0
DA:1,2
LF:1
LH:1
BRF:0
BRH:0
end_of_record
TN:
SF:src/events/publishers/ticket-created-publisher.ts
FN:3,(anonymous_6)
FNF:1
FNH:1
FNDA:15,(anonymous_6)
DA:1,4
DA:3,11
DA:4,11
DA:5,4
LF:4
LH:4
BRDA:3,0,0,11
BRDA:3,0,1,11
BRDA:3,0,2,11
BRF:3
BRH:3
end_of_record
TN:
SF:src/events/publishers/ticket-updated-publisher.ts
FN:3,(anonymous_6)
FNF:1
FNH:1
FNDA:12,(anonymous_6)
DA:1,6
DA:3,6
DA:4,6
DA:5,6
LF:4
LH:4
BRDA:3,0,0,6
BRDA:3,0,1,6
BRDA:3,0,2,6
BRF:3
BRH:3
end_of_record
TN:
SF:src/models/ticket.ts
FN:49,(anonymous_1)
FN:60,(anonymous_2)
FNF:2
FNH:2
FNDA:18,(anonymous_1)
FNDA:17,(anonymous_2)
DA:1,7
DA:2,7
DA:28,7
DA:50,18
DA:51,18
DA:57,7
DA:58,7
DA:60,7
DA:61,17
DA:64,7
DA:66,7
LF:11
LH:11
BRF:0
BRH:0
end_of_record
TN:
SF:src/routes/index.ts
FN:7,(anonymous_14)
FN:7,(anonymous_15)
FNF:2
FNH:2
FNDA:1,(anonymous_14)
FNDA:1,(anonymous_15)
DA:1,4
DA:3,4
DA:5,4
DA:7,4
DA:8,1
DA:10,1
DA:13,4
LF:7
LH:7
BRDA:8,0,0,1
BRF:1
BRH:1
end_of_record
TN:
SF:src/routes/new.ts
FN:23,(anonymous_14)
FN:23,(anonymous_15)
FNF:2
FNH:2
FNDA:11,(anonymous_14)
FNDA:11,(anonymous_15)
DA:1,4
DA:3,4
DA:4,4
DA:6,4
DA:7,4
DA:9,4
DA:11,4
DA:13,4
DA:23,11
DA:24,11
DA:25,11
DA:30,22
DA:31,11
DA:39,11
DA:43,4
LF:15
LH:15
BRF:0
BRH:0
end_of_record
TN:
SF:src/routes/show.ts
FN:8,(anonymous_14)
FN:8,(anonymous_15)
FNF:2
FNH:2
FNDA:3,(anonymous_14)
FNDA:3,(anonymous_15)
DA:1,4
DA:2,4
DA:4,4
DA:6,4
DA:8,4
DA:9,3
DA:11,3
DA:12,1
DA:14,2
DA:17,4
LF:10
LH:10
BRDA:9,0,0,3
BRDA:11,1,0,1
BRDA:11,1,1,2
BRF:3
BRH:3
end_of_record
TN:
SF:src/routes/update.ts
FN:27,(anonymous_14)
FN:27,(anonymous_15)
FNF:2
FNH:2
FNDA:5,(anonymous_14)
FNDA:5,(anonymous_15)
DA:1,4
DA:2,4
DA:9,4
DA:11,4
DA:12,4
DA:13,4
DA:15,4
DA:17,4
DA:27,5
DA:28,5
DA:30,5
DA:31,1
DA:34,4
DA:35,1
DA:38,3
DA:39,1
DA:42,2
DA:46,4
DA:47,2
DA:55,2
DA:59,4
LF:21
LH:21
BRDA:28,0,0,5
BRDA:30,1,0,1
BRDA:30,1,1,4
BRDA:34,2,0,1
BRDA:34,2,1,3
BRDA:38,3,0,1
BRDA:38,3,1,2
BRF:7
BRH:7
end_of_record
